*** Using Compiler 'V6.21', folder: 'D:\stm32\ARM\ARMCLANG\Bin'
Build target 'test_2'
compiling dma.c...
compiling grayscale_sensor.c...
compiling main.c...
compiling sw_i2c.c...
compiling i2c.c...
compiling stm32f1xx_hal_pwr.c...
compiling stm32f1xx_hal_flash_ex.c...
compiling stm32f1xx_hal_rcc_ex.c...
compiling usart.c...
compiling tim.c...
compiling gpio.c...
compiling stm32f1xx_hal_msp.c...
compiling stm32f1xx_hal_gpio_ex.c...
compiling DELAY.c...
compiling system_stm32f1xx.c...
compiling stm32f1xx_it.c...
compiling stm32f1xx_hal_exti.c...
compiling stm32f1xx_hal_gpio.c...
compiling stm32f1xx_hal.c...
compiling stm32f1xx_hal_cortex.c...
compiling stm32f1xx_hal_flash.c...
compiling stm32f1xx_hal_rcc.c...
compiling stm32f1xx_hal_dma.c...
compiling stm32f1xx_hal_tim_ex.c...
compiling stm32f1xx_hal_uart.c...
compiling stm32f1xx_hal_tim.c...
compiling stm32f1xx_hal_i2c.c...
linking...
Program Size: Code=14080 RO-data=416 RW-data=16 ZI-data=1536  
FromELF: creating hex file...
"test_2\test_2.axf" - 0 Error(s), 0 Warning(s).
Build Time Elapsed:  00:00:02
